0 info it worked if it ends with ok
1 verbose cli [ 'C:\\Program Files\\nodejs\\node.exe',
1 verbose cli   'C:\\Users\\Edwin\\AppData\\Roaming\\npm\\node_modules\\npm\\bin\\npm-cli.js',
1 verbose cli   'v' ]
2 info using npm@3.5.3
3 info using node@v5.4.0
4 silly mapToRegistry name kanban_app
5 silly mapToRegistry using default registry
6 silly mapToRegistry registry https://registry.npmjs.org/
7 silly mapToRegistry uri https://registry.npmjs.org/kanban_app
8 verbose request uri https://registry.npmjs.org/kanban_app
9 verbose request no auth needed
10 info attempt registry request try #1 at 10:01:42 PM
11 verbose request id 2a17bacb0e4b9685
12 http request GET https://registry.npmjs.org/kanban_app
13 http 404 https://registry.npmjs.org/kanban_app
14 verbose headers { 'content-type': 'application/json',
14 verbose headers   'cache-control': 'max-age=0',
14 verbose headers   'content-length': '2',
14 verbose headers   'accept-ranges': 'bytes',
14 verbose headers   date: 'Fri, 22 Jan 2016 11:01:45 GMT',
14 verbose headers   via: '1.1 varnish',
14 verbose headers   age: '0',
14 verbose headers   connection: 'keep-alive',
14 verbose headers   'x-served-by': 'cache-syd1624-SYD',
14 verbose headers   'x-cache': 'MISS',
14 verbose headers   'x-cache-hits': '0',
14 verbose headers   'x-timer': 'S1453460505.539146,VS0,VE228' }
15 silly get cb [ 404,
15 silly get   { 'content-type': 'application/json',
15 silly get     'cache-control': 'max-age=0',
15 silly get     'content-length': '2',
15 silly get     'accept-ranges': 'bytes',
15 silly get     date: 'Fri, 22 Jan 2016 11:01:45 GMT',
15 silly get     via: '1.1 varnish',
15 silly get     age: '0',
15 silly get     connection: 'keep-alive',
15 silly get     'x-served-by': 'cache-syd1624-SYD',
15 silly get     'x-cache': 'MISS',
15 silly get     'x-cache-hits': '0',
15 silly get     'x-timer': 'S1453460505.539146,VS0,VE228' } ]
16 verbose stack Error: Registry returned 404 for GET on https://registry.npmjs.org/kanban_app
16 verbose stack     at makeError (C:\Users\Edwin\AppData\Roaming\npm\node_modules\npm\node_modules\npm-registry-client\lib\request.js:264:12)
16 verbose stack     at CachingRegistryClient.<anonymous> (C:\Users\Edwin\AppData\Roaming\npm\node_modules\npm\node_modules\npm-registry-client\lib\request.js:242:14)
16 verbose stack     at Request._callback (C:\Users\Edwin\AppData\Roaming\npm\node_modules\npm\node_modules\npm-registry-client\lib\request.js:172:14)
16 verbose stack     at Request.self.callback (C:\Users\Edwin\AppData\Roaming\npm\node_modules\npm\node_modules\request\request.js:198:22)
16 verbose stack     at emitTwo (events.js:87:13)
16 verbose stack     at Request.emit (events.js:172:7)
16 verbose stack     at Request.<anonymous> (C:\Users\Edwin\AppData\Roaming\npm\node_modules\npm\node_modules\request\request.js:1035:10)
16 verbose stack     at emitOne (events.js:82:20)
16 verbose stack     at Request.emit (events.js:169:7)
16 verbose stack     at IncomingMessage.<anonymous> (C:\Users\Edwin\AppData\Roaming\npm\node_modules\npm\node_modules\request\request.js:962:12)
17 verbose statusCode 404
18 verbose pkgid kanban_app
19 verbose cwd C:\Users\Edwin\Project\tute\kanbanfluxreset
20 error Windows_NT 10.0.10586
21 error argv "C:\\Program Files\\nodejs\\node.exe" "C:\\Users\\Edwin\\AppData\\Roaming\\npm\\node_modules\\npm\\bin\\npm-cli.js" "v"
22 error node v5.4.0
23 error npm  v3.5.3
24 error code E404
25 error 404 Registry returned 404 for GET on https://registry.npmjs.org/kanban_app
26 error 404
27 error 404 'kanban_app' is not in the npm registry.
28 error 404 You should bug the author to publish it (or use the name yourself!)
29 error 404 Note that you can also install from a
30 error 404 tarball, folder, http url, or git url.
31 verbose exit [ 1, true ]
